2021-03-01 15:40:58.613 - Info	
Packing C:\Shiva\GenericEditableGrid\GenericEditableGridSolution\obj\Release\Metadata to bin\Release\GenericEditableGridSolution.zip

2021-03-01 15:40:58.644 - Info	Processing Component: Entities
2021-03-01 15:40:58.644 - Info	Processing Component: Roles
2021-03-01 15:40:58.644 - Info	Processing Component: Workflows
2021-03-01 15:40:58.660 - Info	Processing Component: FieldSecurityProfiles
2021-03-01 15:40:58.660 - Info	Processing Component: Templates
2021-03-01 15:40:58.660 - Info	Processing Component: EntityMaps
2021-03-01 15:40:58.660 - Info	Processing Component: EntityRelationships
2021-03-01 15:40:58.660 - Info	Processing Component: OrganizationSettings
2021-03-01 15:40:58.660 - Info	Processing Component: optionsets
2021-03-01 15:40:58.660 - Info	Processing Component: CustomControls
2021-03-01 15:40:58.691 - Info	 - GenericEditableGrid.GenericEditableGrid
2021-03-01 15:40:59.222 - Info	Processing Component: SolutionPluginAssemblies
2021-03-01 15:40:59.232 - Info	Processing Component: EntityDataProviders
2021-03-01 15:40:59.378 - Info	
Managed Pack complete.

2021-03-01 15:42:18.490 - Info	
Packing C:\Shiva\GenericEditableGrid\GenericEditableGridSolution\obj\Release\Metadata to bin\Release\GenericEditableGridSolution.zip and bin\Release\GenericEditableGridSolution_managed.zip

2021-03-01 15:42:18.521 - Info	Processing Component: Entities
2021-03-01 15:42:18.521 - Info	Processing Component: Roles
2021-03-01 15:42:18.521 - Info	Processing Component: Workflows
2021-03-01 15:42:18.521 - Info	Processing Component: FieldSecurityProfiles
2021-03-01 15:42:18.521 - Info	Processing Component: Templates
2021-03-01 15:42:18.521 - Info	Processing Component: EntityMaps
2021-03-01 15:42:18.521 - Info	Processing Component: EntityRelationships
2021-03-01 15:42:18.537 - Info	Processing Component: OrganizationSettings
2021-03-01 15:42:18.537 - Info	Processing Component: optionsets
2021-03-01 15:42:18.537 - Info	Processing Component: CustomControls
2021-03-01 15:42:18.553 - Info	 - GenericEditableGrid.GenericEditableGrid
2021-03-01 15:42:19.021 - Info	Processing Component: SolutionPluginAssemblies
2021-03-01 15:42:19.037 - Info	Processing Component: EntityDataProviders
2021-03-01 15:42:19.162 - Info	
Unmanaged Pack complete.

2021-03-01 15:42:19.162 - Info	Processing Component: Entities
2021-03-01 15:42:19.162 - Info	Processing Component: Roles
2021-03-01 15:42:19.162 - Info	Processing Component: Workflows
2021-03-01 15:42:19.162 - Info	Processing Component: FieldSecurityProfiles
2021-03-01 15:42:19.162 - Info	Processing Component: Templates
2021-03-01 15:42:19.162 - Info	Processing Component: EntityMaps
2021-03-01 15:42:19.162 - Info	Processing Component: EntityRelationships
2021-03-01 15:42:19.162 - Info	Processing Component: OrganizationSettings
2021-03-01 15:42:19.162 - Info	Processing Component: optionsets
2021-03-01 15:42:19.162 - Info	Processing Component: CustomControls
2021-03-01 15:42:19.162 - Info	 - GenericEditableGrid.GenericEditableGrid
2021-03-01 15:42:19.162 - Info	Processing Component: SolutionPluginAssemblies
2021-03-01 15:42:19.162 - Info	Processing Component: EntityDataProviders
2021-03-01 15:42:19.287 - Info	
Managed Pack complete.

2021-03-02 17:36:43.651 - Info	
Packing C:\Shiva\GenericEditableGrid\GenericEditableGridSolution\obj\Release\Metadata to bin\Release\GenericEditableGridSolution.zip and bin\Release\GenericEditableGridSolution_managed.zip

2021-03-02 17:36:43.682 - Info	Processing Component: Entities
2021-03-02 17:36:43.698 - Info	Processing Component: Roles
2021-03-02 17:36:43.698 - Info	Processing Component: Workflows
2021-03-02 17:36:43.698 - Info	Processing Component: FieldSecurityProfiles
2021-03-02 17:36:43.713 - Info	Processing Component: Templates
2021-03-02 17:36:43.713 - Info	Processing Component: EntityMaps
2021-03-02 17:36:43.713 - Info	Processing Component: EntityRelationships
2021-03-02 17:36:43.729 - Info	Processing Component: OrganizationSettings
2021-03-02 17:36:43.729 - Info	Processing Component: optionsets
2021-03-02 17:36:43.729 - Info	Processing Component: CustomControls
2021-03-02 17:36:43.760 - Info	 - GenericEditableGrid.GenericEditableGrid
2021-03-02 17:36:44.354 - Info	Processing Component: SolutionPluginAssemblies
2021-03-02 17:36:44.354 - Info	Processing Component: EntityDataProviders
2021-03-02 17:36:44.495 - Info	
Unmanaged Pack complete.

2021-03-02 17:36:44.495 - Info	Processing Component: Entities
2021-03-02 17:36:44.495 - Info	Processing Component: Roles
2021-03-02 17:36:44.495 - Info	Processing Component: Workflows
2021-03-02 17:36:44.495 - Info	Processing Component: FieldSecurityProfiles
2021-03-02 17:36:44.495 - Info	Processing Component: Templates
2021-03-02 17:36:44.495 - Info	Processing Component: EntityMaps
2021-03-02 17:36:44.495 - Info	Processing Component: EntityRelationships
2021-03-02 17:36:44.495 - Info	Processing Component: OrganizationSettings
2021-03-02 17:36:44.495 - Info	Processing Component: optionsets
2021-03-02 17:36:44.495 - Info	Processing Component: CustomControls
2021-03-02 17:36:44.495 - Info	 - GenericEditableGrid.GenericEditableGrid
2021-03-02 17:36:44.495 - Info	Processing Component: SolutionPluginAssemblies
2021-03-02 17:36:44.495 - Info	Processing Component: EntityDataProviders
2021-03-02 17:36:44.620 - Info	
Managed Pack complete.

2021-03-05 12:19:16.501 - Info	
Packing C:\Shiva\GenericEditableGrid\GenericEditableGridSolution\obj\Release\Metadata to bin\Release\GenericEditableGridSolution.zip and bin\Release\GenericEditableGridSolution_managed.zip

2021-03-05 12:19:16.560 - Info	Processing Component: Entities
2021-03-05 12:19:16.567 - Info	Processing Component: Roles
2021-03-05 12:19:16.573 - Info	Processing Component: Workflows
2021-03-05 12:19:16.574 - Info	Processing Component: FieldSecurityProfiles
2021-03-05 12:19:16.575 - Info	Processing Component: Templates
2021-03-05 12:19:16.576 - Info	Processing Component: EntityMaps
2021-03-05 12:19:16.577 - Info	Processing Component: EntityRelationships
2021-03-05 12:19:16.599 - Info	Processing Component: OrganizationSettings
2021-03-05 12:19:16.601 - Info	Processing Component: optionsets
2021-03-05 12:19:16.602 - Info	Processing Component: CustomControls
2021-03-05 12:19:16.638 - Info	 - GenericEditableGrid.GenericEditableGrid
2021-03-05 12:19:17.351 - Info	Processing Component: SolutionPluginAssemblies
2021-03-05 12:19:17.354 - Info	Processing Component: EntityDataProviders
2021-03-05 12:19:17.530 - Info	
Unmanaged Pack complete.

2021-03-05 12:19:17.532 - Info	Processing Component: Entities
2021-03-05 12:19:17.532 - Info	Processing Component: Roles
2021-03-05 12:19:17.532 - Info	Processing Component: Workflows
2021-03-05 12:19:17.533 - Info	Processing Component: FieldSecurityProfiles
2021-03-05 12:19:17.533 - Info	Processing Component: Templates
2021-03-05 12:19:17.533 - Info	Processing Component: EntityMaps
2021-03-05 12:19:17.533 - Info	Processing Component: EntityRelationships
2021-03-05 12:19:17.533 - Info	Processing Component: OrganizationSettings
2021-03-05 12:19:17.533 - Info	Processing Component: optionsets
2021-03-05 12:19:17.533 - Info	Processing Component: CustomControls
2021-03-05 12:19:17.535 - Info	 - GenericEditableGrid.GenericEditableGrid
2021-03-05 12:19:17.539 - Info	Processing Component: SolutionPluginAssemblies
2021-03-05 12:19:17.539 - Info	Processing Component: EntityDataProviders
2021-03-05 12:19:17.660 - Info	
Managed Pack complete.

2021-03-06 18:54:34.284 - Info	
Packing C:\Shiva\GenericEditableGrid\GenericEditableGridSolution\obj\Release\Metadata to bin\Release\GenericEditableGridSolution.zip and bin\Release\GenericEditableGridSolution_managed.zip

2021-03-06 18:54:34.356 - Info	Processing Component: Entities
2021-03-06 18:54:34.364 - Info	Processing Component: Roles
2021-03-06 18:54:34.371 - Info	Processing Component: Workflows
2021-03-06 18:54:34.371 - Info	Processing Component: FieldSecurityProfiles
2021-03-06 18:54:34.371 - Info	Processing Component: Templates
2021-03-06 18:54:34.374 - Info	Processing Component: EntityMaps
2021-03-06 18:54:34.374 - Info	Processing Component: EntityRelationships
2021-03-06 18:54:34.400 - Info	Processing Component: OrganizationSettings
2021-03-06 18:54:34.402 - Info	Processing Component: optionsets
2021-03-06 18:54:34.403 - Info	Processing Component: CustomControls
2021-03-06 18:54:34.451 - Info	 - GenericEditableGrid.GenericEditableGrid
2021-03-06 18:54:35.431 - Info	Processing Component: SolutionPluginAssemblies
2021-03-06 18:54:35.434 - Info	Processing Component: EntityDataProviders
2021-03-06 18:54:35.643 - Info	
Unmanaged Pack complete.

2021-03-06 18:54:35.646 - Info	Processing Component: Entities
2021-03-06 18:54:35.646 - Info	Processing Component: Roles
2021-03-06 18:54:35.646 - Info	Processing Component: Workflows
2021-03-06 18:54:35.646 - Info	Processing Component: FieldSecurityProfiles
2021-03-06 18:54:35.646 - Info	Processing Component: Templates
2021-03-06 18:54:35.646 - Info	Processing Component: EntityMaps
2021-03-06 18:54:35.646 - Info	Processing Component: EntityRelationships
2021-03-06 18:54:35.647 - Info	Processing Component: OrganizationSettings
2021-03-06 18:54:35.647 - Info	Processing Component: optionsets
2021-03-06 18:54:35.647 - Info	Processing Component: CustomControls
2021-03-06 18:54:35.649 - Info	 - GenericEditableGrid.GenericEditableGrid
2021-03-06 18:54:35.671 - Info	Processing Component: SolutionPluginAssemblies
2021-03-06 18:54:35.671 - Info	Processing Component: EntityDataProviders
2021-03-06 18:54:35.822 - Info	
Managed Pack complete.

2021-03-06 19:18:27.392 - Info	
Packing C:\Shiva\GenericEditableGrid\GenericEditableGridSolution\obj\Release\Metadata to bin\Release\GenericEditableGridSolution.zip and bin\Release\GenericEditableGridSolution_managed.zip

2021-03-06 19:18:27.456 - Info	Processing Component: Entities
2021-03-06 19:18:27.463 - Info	Processing Component: Roles
2021-03-06 19:18:27.470 - Info	Processing Component: Workflows
2021-03-06 19:18:27.471 - Info	Processing Component: FieldSecurityProfiles
2021-03-06 19:18:27.471 - Info	Processing Component: Templates
2021-03-06 19:18:27.473 - Info	Processing Component: EntityMaps
2021-03-06 19:18:27.473 - Info	Processing Component: EntityRelationships
2021-03-06 19:18:27.517 - Info	Processing Component: OrganizationSettings
2021-03-06 19:18:27.518 - Info	Processing Component: optionsets
2021-03-06 19:18:27.519 - Info	Processing Component: CustomControls
2021-03-06 19:18:27.570 - Info	 - GenericEditableGrid.GenericEditableGrid
2021-03-06 19:18:28.468 - Info	Processing Component: SolutionPluginAssemblies
2021-03-06 19:18:28.471 - Info	Processing Component: EntityDataProviders
2021-03-06 19:18:28.653 - Info	
Unmanaged Pack complete.

2021-03-06 19:18:28.654 - Info	Processing Component: Entities
2021-03-06 19:18:28.654 - Info	Processing Component: Roles
2021-03-06 19:18:28.654 - Info	Processing Component: Workflows
2021-03-06 19:18:28.654 - Info	Processing Component: FieldSecurityProfiles
2021-03-06 19:18:28.654 - Info	Processing Component: Templates
2021-03-06 19:18:28.654 - Info	Processing Component: EntityMaps
2021-03-06 19:18:28.654 - Info	Processing Component: EntityRelationships
2021-03-06 19:18:28.655 - Info	Processing Component: OrganizationSettings
2021-03-06 19:18:28.655 - Info	Processing Component: optionsets
2021-03-06 19:18:28.655 - Info	Processing Component: CustomControls
2021-03-06 19:18:28.656 - Info	 - GenericEditableGrid.GenericEditableGrid
2021-03-06 19:18:28.660 - Info	Processing Component: SolutionPluginAssemblies
2021-03-06 19:18:28.661 - Info	Processing Component: EntityDataProviders
2021-03-06 19:18:28.796 - Info	
Managed Pack complete.

2021-03-06 19:25:58.142 - Info	
Packing C:\Shiva\GenericEditableGrid\GenericEditableGridSolution\obj\Release\Metadata to bin\Release\GenericEditableGridSolution.zip and bin\Release\GenericEditableGridSolution_managed.zip

2021-03-06 19:25:58.205 - Info	Processing Component: Entities
2021-03-06 19:25:58.205 - Info	Processing Component: Roles
2021-03-06 19:25:58.220 - Info	Processing Component: Workflows
2021-03-06 19:25:58.220 - Info	Processing Component: FieldSecurityProfiles
2021-03-06 19:25:58.220 - Info	Processing Component: Templates
2021-03-06 19:25:58.220 - Info	Processing Component: EntityMaps
2021-03-06 19:25:58.220 - Info	Processing Component: EntityRelationships
2021-03-06 19:25:58.236 - Info	Processing Component: OrganizationSettings
2021-03-06 19:25:58.252 - Info	Processing Component: optionsets
2021-03-06 19:25:58.252 - Info	Processing Component: CustomControls
2021-03-06 19:25:58.283 - Info	 - GenericEditableGrid.GenericEditableGrid
2021-03-06 19:25:59.189 - Info	Processing Component: SolutionPluginAssemblies
2021-03-06 19:25:59.189 - Info	Processing Component: EntityDataProviders
2021-03-06 19:25:59.314 - Info	
Unmanaged Pack complete.

2021-03-06 19:25:59.314 - Info	Processing Component: Entities
2021-03-06 19:25:59.314 - Info	Processing Component: Roles
2021-03-06 19:25:59.314 - Info	Processing Component: Workflows
2021-03-06 19:25:59.314 - Info	Processing Component: FieldSecurityProfiles
2021-03-06 19:25:59.314 - Info	Processing Component: Templates
2021-03-06 19:25:59.330 - Info	Processing Component: EntityMaps
2021-03-06 19:25:59.330 - Info	Processing Component: EntityRelationships
2021-03-06 19:25:59.330 - Info	Processing Component: OrganizationSettings
2021-03-06 19:25:59.330 - Info	Processing Component: optionsets
2021-03-06 19:25:59.330 - Info	Processing Component: CustomControls
2021-03-06 19:25:59.330 - Info	 - GenericEditableGrid.GenericEditableGrid
2021-03-06 19:25:59.330 - Info	Processing Component: SolutionPluginAssemblies
2021-03-06 19:25:59.330 - Info	Processing Component: EntityDataProviders
2021-03-06 19:25:59.470 - Info	
Managed Pack complete.

